  MyForm.cpp
c:\program files\point grey research\flycapture2\include\Error.h : warning C4819: 檔案含有無法在目前字碼頁 (950) 中表示的字元。請以 Unicode 格式儲存檔案以防止資料遺失
c:\program files\point grey research\flycapture2\include\GigECamera.h : warning C4819: 檔案含有無法在目前字碼頁 (950) 中表示的字元。請以 Unicode 格式儲存檔案以防止資料遺失
c:\program files\point grey research\flycapture2\include\Utilities.h : warning C4819: 檔案含有無法在目前字碼頁 (950) 中表示的字元。請以 Unicode 格式儲存檔案以防止資料遺失
c:\program files\point grey research\flycapture2\include\TopologyNode.h : warning C4819: 檔案含有無法在目前字碼頁 (950) 中表示的字元。請以 Unicode 格式儲存檔案以防止資料遺失
c:\program files\point grey research\flycapture2\include\ImageStatistics.h : warning C4819: 檔案含有無法在目前字碼頁 (950) 中表示的字元。請以 Unicode 格式儲存檔案以防止資料遺失
c:\opencv342\build\include\opencv2\core\cvstd.hpp(575): warning C4793: 'cv::String::String': 函式會編譯成機器碼:
  	找到 Managed 程式碼中不支援的內建
c:\opencv342\build\include\opencv2\core\cuda.inl.hpp(105): warning C4793: 'cv::cuda::GpuMat::GpuMat': 函式會編譯成機器碼:
  	找到 Managed 程式碼中不支援的內建
c:\opencv342\build\include\opencv2\core\cuda.inl.hpp(395): warning C4793: 'cv::cuda::HostMem::HostMem': 函式會編譯成機器碼:
  	找到 Managed 程式碼中不支援的內建
c:\users\ywchen\documents\visual studio 2015\projects\winform_nut\winform_nut\myform.h(367): warning C4715: 'WinForm_Nut::MyForm::CheckSerialPortConnect': 不是所有控制路徑都傳回值
c:\opencv342\build\include\opencv2\core\mat.inl.hpp(483): warning C4793: 'cv::Mat::Mat': 函式會編譯成機器碼:
  	找到 Managed 程式碼中不支援的內建
c:\opencv342\build\include\opencv2\core\mat.inl.hpp(807): warning C4793: 'cv::Mat::release': 函式會編譯成機器碼:
  	找到 Managed 程式碼中不支援的內建
c:\opencv342\build\include\opencv2\core\mat.inl.hpp(2141): warning C4793: 'cv::SparseMat::addref': 函式會編譯成機器碼:
  	找到 Managed 程式碼中不支援的內建
c:\opencv342\build\include\opencv2\core\mat.inl.hpp(3741): warning C4793: 'cv::UMat::addref': 函式會編譯成機器碼:
  	找到 Managed 程式碼中不支援的內建
c:\opencv342\build\include\opencv2\core\ptr.inl.hpp(67): warning C4793: 'cv::detail::PtrOwner::incRef': 函式會編譯成機器碼:
  	找到 Managed 程式碼中不支援的內建
c:\opencv342\build\include\opencv2\core\ptr.inl.hpp(72): warning C4793: 'cv::detail::PtrOwner::decRef': 函式會編譯成機器碼:
  	找到 Managed 程式碼中不支援的內建
c:\opencv342\build\include\opencv2\core\cvstd.hpp(657): warning C4793: 'cv::String::operator=': 函式會編譯成機器碼:
  	找到 Managed 程式碼中不支援的內建
  CapFromCam.obj : Managed 程式碼存在時不支援 /DEBUG:FASTLINK; 正在以 /DEBUG:FULL 重新啟動連結
  WinForm_Nut.vcxproj -> C:\Users\ywChen\Documents\Visual Studio 2015\Projects\WinForm_Nut\x64\Debug\WinForm_Nut.exe
  WinForm_Nut.vcxproj -> C:\Users\ywChen\Documents\Visual Studio 2015\Projects\WinForm_Nut\x64\Debug\WinForm_Nut.pdb (Partial PDB)
